<?xml version="1.0" encoding="UTF-8"?>
<!-- Generated by org.testng.reporters.JUnitXMLReporter -->
<testsuite hostname="QKSRVSH04" ignored="0" name="Default test" tests="2" failures="0" timestamp="2021-04-24T12:35:56 IST" time="0.067" errors="0">
  <testcase name="testSubtractionWithFloatValues" time="0.011" classname="QualityKioskTraining.Assessment3.SubstractionTest"/>
  <testcase name="testSubtractionWithPositiveValues" time="0.001" classname="QualityKioskTraining.Assessment3.SubstractionTest"/>
</testsuite> <!-- Default test -->
