<?xml version="1.0" encoding="UTF-8"?>
<!-- Generated by org.testng.reporters.JUnitXMLReporter -->
<testsuite hostname="QKSRVSH04" ignored="0" name="AdditionTest" tests="8" failures="0" timestamp="2021-04-24T12:53:26 IST" time="0.06" errors="0">
  <testcase name="testAdditionWithDataDriven" time="0.007" classname="QualityKioskTraining.Assessment3.AdditionTest"/>
  <testcase name="testAdditionWithDataDriven" time="0.0" classname="QualityKioskTraining.Assessment3.AdditionTest"/>
  <testcase name="testAdditionWithDataDriven" time="0.001" classname="QualityKioskTraining.Assessment3.AdditionTest"/>
  <testcase name="testAdditionWithNegativeValues" time="0.001" classname="QualityKioskTraining.Assessment3.AdditionTest"/>
  <testcase name="testAdditionWithPositiveValues" time="0.001" classname="QualityKioskTraining.Assessment3.AdditionTest"/>
  <testcase name="testAddtionWithFloatValues" time="0.001" classname="QualityKioskTraining.Assessment3.AdditionTest"/>
  <testcase name="testAddtionWithFloatValues" time="0.001" classname="QualityKioskTraining.Assessment3.AdditionTest"/>
  <testcase name="testAddtionWithFloatValues" time="0.001" classname="QualityKioskTraining.Assessment3.AdditionTest"/>
</testsuite> <!-- AdditionTest -->
