<?xml version="1.0" encoding="UTF-8"?>
<!-- Generated by org.testng.reporters.JUnitXMLReporter -->
<testsuite hostname="QKSRVSH04" ignored="0" name="DivisionTest" tests="2" failures="0" timestamp="2021-04-24T12:53:26 IST" time="0.005" errors="0">
  <testcase name="testDivisionWithFloatValues" time="0.001" classname="QualityKioskTraining.Assessment3.DivisionTest"/>
  <testcase name="testDivisionWithIntegerValues" time="0.0" classname="QualityKioskTraining.Assessment3.DivisionTest"/>
</testsuite> <!-- DivisionTest -->
