<?xml version="1.0" encoding="UTF-8"?>
<!-- Generated by org.testng.reporters.JUnitXMLReporter -->
<testsuite hostname="QKSRVSH04" ignored="0" name="MultiplicationTest" tests="5" failures="0" timestamp="2021-04-24T12:53:26 IST" time="0.015" errors="0">
  <testcase name="testMultiplicationWithDataDriven" time="0.001" classname="QualityKioskTraining.Assessment3.MultiplicationTest"/>
  <testcase name="testMultiplicationWithDataDriven" time="0.001" classname="QualityKioskTraining.Assessment3.MultiplicationTest"/>
  <testcase name="testMultiplicationWithDataDriven" time="0.0" classname="QualityKioskTraining.Assessment3.MultiplicationTest"/>
  <testcase name="testMultiplicationWithFloatValues" time="0.001" classname="QualityKioskTraining.Assessment3.MultiplicationTest"/>
  <testcase name="testMultiplicationWithPositiveValues" time="0.001" classname="QualityKioskTraining.Assessment3.MultiplicationTest"/>
</testsuite> <!-- MultiplicationTest -->
