<?xml version="1.0" encoding="UTF-8"?>
<!-- Generated by org.testng.reporters.JUnitXMLReporter -->
<testsuite hostname="QKSRVSH04" ignored="8" name="Regression Test" tests="5" failures="0" timestamp="2021-04-24T12:48:10 IST" time="0.096" errors="0">
  <testcase name="testAdditionWithDataDriven" time="0.014" classname="QualityKioskTraining.Assessment3.AdditionTest"/>
  <testcase name="testAdditionWithDataDriven" time="0.001" classname="QualityKioskTraining.Assessment3.AdditionTest"/>
  <testcase name="testAdditionWithDataDriven" time="0.001" classname="QualityKioskTraining.Assessment3.AdditionTest"/>
  <testcase name="testAdditionWithPositiveValues" time="0.001" classname="QualityKioskTraining.Assessment3.AdditionTest"/>
  <testcase name="testDivisionWithIntegerValues" time="0.001" classname="QualityKioskTraining.Assessment3.DivisionTest"/>
  <testcase name="testMultiplicationWithDataDriven" time="0.0" classname="QualityKioskTraining.Assessment3.MultiplicationTest">
    <ignored/>
  </testcase> <!-- testMultiplicationWithDataDriven -->
  <testcase name="testDivisionWithFloatValues" time="0.0" classname="QualityKioskTraining.Assessment3.DivisionTest">
    <ignored/>
  </testcase> <!-- testDivisionWithFloatValues -->
  <testcase name="testSubtractionWithFloatValues" time="0.0" classname="QualityKioskTraining.Assessment3.SubstractionTest">
    <ignored/>
  </testcase> <!-- testSubtractionWithFloatValues -->
  <testcase name="testMultiplicationWithFloatValues" time="0.0" classname="QualityKioskTraining.Assessment3.MultiplicationTest">
    <ignored/>
  </testcase> <!-- testMultiplicationWithFloatValues -->
  <testcase name="testAdditionWithNegativeValues" time="0.0" classname="QualityKioskTraining.Assessment3.AdditionTest">
    <ignored/>
  </testcase> <!-- testAdditionWithNegativeValues -->
  <testcase name="testSubtractionWithPositiveValues" time="0.0" classname="QualityKioskTraining.Assessment3.SubstractionTest">
    <ignored/>
  </testcase> <!-- testSubtractionWithPositiveValues -->
  <testcase name="testAddtionWithFloatValues" time="0.0" classname="QualityKioskTraining.Assessment3.AdditionTest">
    <ignored/>
  </testcase> <!-- testAddtionWithFloatValues -->
  <testcase name="testMultiplicationWithPositiveValues" time="0.0" classname="QualityKioskTraining.Assessment3.MultiplicationTest">
    <ignored/>
  </testcase> <!-- testMultiplicationWithPositiveValues -->
</testsuite> <!-- Regression Test -->
