<?xml version="1.0" encoding="UTF-8"?>
<!-- Generated by org.testng.reporters.JUnitXMLReporter -->
<testsuite hostname="QKSRVSH04" ignored="5" name="Smoke Test" tests="10" failures="0" timestamp="2021-04-24T12:50:19 IST" time="0.086" errors="0">
  <testcase name="testAdditionWithNegativeValues" time="0.007" classname="QualityKioskTraining.Assessment3.AdditionTest"/>
  <testcase name="testAdditionWithPositiveValues" time="0.002" classname="QualityKioskTraining.Assessment3.AdditionTest"/>
  <testcase name="testAddtionWithFloatValues" time="0.001" classname="QualityKioskTraining.Assessment3.AdditionTest"/>
  <testcase name="testAddtionWithFloatValues" time="0.0" classname="QualityKioskTraining.Assessment3.AdditionTest"/>
  <testcase name="testAddtionWithFloatValues" time="0.001" classname="QualityKioskTraining.Assessment3.AdditionTest"/>
  <testcase name="testMultiplicationWithDataDriven" time="0.001" classname="QualityKioskTraining.Assessment3.MultiplicationTest"/>
  <testcase name="testMultiplicationWithDataDriven" time="0.001" classname="QualityKioskTraining.Assessment3.MultiplicationTest"/>
  <testcase name="testMultiplicationWithDataDriven" time="0.003" classname="QualityKioskTraining.Assessment3.MultiplicationTest"/>
  <testcase name="testDivisionWithFloatValues" time="0.003" classname="QualityKioskTraining.Assessment3.DivisionTest"/>
  <testcase name="testSubtractionWithPositiveValues" time="0.001" classname="QualityKioskTraining.Assessment3.SubstractionTest"/>
  <testcase name="testSubtractionWithFloatValues" time="0.0" classname="QualityKioskTraining.Assessment3.SubstractionTest">
    <ignored/>
  </testcase> <!-- testSubtractionWithFloatValues -->
  <testcase name="testMultiplicationWithFloatValues" time="0.0" classname="QualityKioskTraining.Assessment3.MultiplicationTest">
    <ignored/>
  </testcase> <!-- testMultiplicationWithFloatValues -->
  <testcase name="testAdditionWithDataDriven" time="0.0" classname="QualityKioskTraining.Assessment3.AdditionTest">
    <ignored/>
  </testcase> <!-- testAdditionWithDataDriven -->
  <testcase name="testMultiplicationWithPositiveValues" time="0.0" classname="QualityKioskTraining.Assessment3.MultiplicationTest">
    <ignored/>
  </testcase> <!-- testMultiplicationWithPositiveValues -->
  <testcase name="testDivisionWithIntegerValues" time="0.0" classname="QualityKioskTraining.Assessment3.DivisionTest">
    <ignored/>
  </testcase> <!-- testDivisionWithIntegerValues -->
</testsuite> <!-- Smoke Test -->
